2017-04-11GMT09:30:14 INFO(1):: 28----Shifting 101  Days from Today.----
2017-04-11GMT09:30:14 INFO(1):: 29----Moving Data Till: 2016-12-31 ----
2017-04-11GMT09:30:14 INFO(1):: 33----****Confirmation Failed****----
2017-04-11GMT09:30:24 INFO(1):: 28----Shifting 101  Days from Today.----
2017-04-11GMT09:30:24 INFO(1):: 29----Moving Data Till: 2016-12-31 ----
2017-04-11GMT09:30:24 INFO(1):: 33----****Confirmation Failed****----
2017-04-11GMT09:30:33 INFO(1):: 28----Shifting 101  Days from Today.----
2017-04-11GMT09:30:33 INFO(1):: 29----Moving Data Till: 2016-12-31 ----
2017-04-11GMT09:30:33 INFO(1):: 36----****Confirmed****----
2017-04-11GMT09:30:33 INFO(1):: 37----Migration PROCESS STARTED----
2017-04-11GMT09:30:33 INFO(1):: 48----Starting Transaction for Campaign Detail Table----
2017-04-11GMT09:30:36 INFO(1):: 53----Records to migrate : 53674----
2017-04-11GMT09:30:36 INFO(1):: 65SELECT * from `campaign_widget_details` WHERE DATE(created_by)<='2016-12-31' order by id asc limit 10000
2017-04-11GMT09:30:36 INFO(1):: 67----Records to migrate in iteration : 1 - 10000----
2017-04-11GMT09:30:36 INFO(1):: 70----Start Id: 17001----
2017-04-11GMT09:30:55 INFO(1):: 93----Records To commit 10000----
2017-04-11GMT09:30:55 INFO(1):: 94----Insert/Delete Completed----
2017-04-11GMT09:30:55 INFO(1):: 99----Completing transaction for widget_details table----Iteration:1
2017-04-11GMT09:30:55 INFO(1):: 107----Perfect:: Committing data to the database----
2017-04-11GMT09:30:55 INFO(1):: 65SELECT * from `campaign_widget_details` WHERE DATE(created_by)<='2016-12-31' order by id asc limit 10000
2017-04-11GMT09:30:55 INFO(1):: 67----Records to migrate in iteration : 2 - 10000----
2017-04-11GMT09:30:55 INFO(1):: 70----Start Id: 28657----
2017-04-11GMT09:31:07 INFO(1):: 93----Records To commit 10000----
2017-04-11GMT09:31:07 INFO(1):: 94----Insert/Delete Completed----
2017-04-11GMT09:31:07 INFO(1):: 99----Completing transaction for widget_details table----Iteration:2
2017-04-11GMT09:31:07 INFO(1):: 107----Perfect:: Committing data to the database----
2017-04-11GMT09:31:07 INFO(1):: 65SELECT * from `campaign_widget_details` WHERE DATE(created_by)<='2016-12-31' order by id asc limit 10000
2017-04-11GMT09:31:08 INFO(1):: 67----Records to migrate in iteration : 3 - 10000----
2017-04-11GMT09:31:08 INFO(1):: 70----Start Id: 38696----
2017-04-11GMT09:31:25 INFO(1):: 93----Records To commit 10000----
2017-04-11GMT09:31:25 INFO(1):: 94----Insert/Delete Completed----
2017-04-11GMT09:31:25 INFO(1):: 99----Completing transaction for widget_details table----Iteration:3
2017-04-11GMT09:31:25 INFO(1):: 107----Perfect:: Committing data to the database----
2017-04-11GMT09:31:25 INFO(1):: 65SELECT * from `campaign_widget_details` WHERE DATE(created_by)<='2016-12-31' order by id asc limit 10000
2017-04-11GMT09:31:25 INFO(1):: 67----Records to migrate in iteration : 4 - 10000----
2017-04-11GMT09:31:25 INFO(1):: 70----Start Id: 49096----
2017-04-11GMT09:31:39 INFO(1):: 93----Records To commit 10000----
2017-04-11GMT09:31:39 INFO(1):: 94----Insert/Delete Completed----
2017-04-11GMT09:31:39 INFO(1):: 99----Completing transaction for widget_details table----Iteration:4
2017-04-11GMT09:31:39 INFO(1):: 107----Perfect:: Committing data to the database----
2017-04-11GMT09:31:39 INFO(1):: 65SELECT * from `campaign_widget_details` WHERE DATE(created_by)<='2016-12-31' order by id asc limit 10000
2017-04-11GMT09:31:39 INFO(1):: 67----Records to migrate in iteration : 5 - 10000----
2017-04-11GMT09:31:39 INFO(1):: 70----Start Id: 59537----
2017-04-11GMT09:31:53 INFO(1):: 93----Records To commit 10000----
2017-04-11GMT09:31:53 INFO(1):: 94----Insert/Delete Completed----
2017-04-11GMT09:31:53 INFO(1):: 99----Completing transaction for widget_details table----Iteration:5
2017-04-11GMT09:31:53 INFO(1):: 107----Perfect:: Committing data to the database----
2017-04-11GMT09:31:53 INFO(1):: 65SELECT * from `campaign_widget_details` WHERE DATE(created_by)<='2016-12-31' order by id asc limit 10000
2017-04-11GMT09:31:54 INFO(1):: 67----Records to migrate in iteration : 6 - 3674----
2017-04-11GMT09:31:54 INFO(1):: 70----Start Id: 69578----
2017-04-11GMT09:31:59 INFO(1):: 93----Records To commit 3674----
2017-04-11GMT09:31:59 INFO(1):: 94----Insert/Delete Completed----
2017-04-11GMT09:31:59 INFO(1):: 99----Completing transaction for widget_details table----Iteration:6
2017-04-11GMT09:31:59 INFO(1):: 107----Perfect:: Committing data to the database----
2017-04-11GMT09:31:59 INFO(1):: 113----Completing Migration Process for Campaign_detail table.----
2017-04-11GMT09:34:02 INFO(1):: 28----Shifting 101  Days from Today.----
2017-04-11GMT09:34:02 INFO(1):: 29----Moving Data Till: 2016-12-31 ----
2017-04-11GMT09:34:02 INFO(1):: 36----****Confirmed****----
2017-04-11GMT09:34:02 INFO(1):: 37----Migration PROCESS STARTED----
2017-04-11GMT09:34:02 INFO(1):: 48----Starting Transaction for Campaign Detail Table----
2017-04-11GMT09:34:03 INFO(1):: 53----Records to migrate : 0----
2017-04-11GMT09:34:03 INFO(1):: 113----Completing Migration Process for Campaign_detail table.----
2017-04-11GMT09:46:31 INFO(1):: 27----Shifting 101  Days from Today.----
2017-04-11GMT09:46:31 INFO(1):: 28----Moving Data Till: 2016-12-31 ----
2017-04-11GMT09:46:31 INFO(1):: 35----****Confirmed****----
2017-04-11GMT09:46:31 INFO(1):: 36----Migration PROCESS STARTED----
2017-04-11GMT09:46:31 INFO(1):: 46----Starting Transaction for Campaign Detail Table----
2017-04-11GMT09:46:31 INFO(1):: 51----Records to migrate : 0----
2017-04-11GMT09:46:31 INFO(1):: 110----Completing Migration Process for Campaign_detail table.----
2017-04-11GMT09:46:31 INFO(1):: 118----Starting Transaction for Campaign Source View Table----
2017-04-11GMT09:47:19 INFO(1):: 27----Shifting 101  Days from Today.----
2017-04-11GMT09:47:19 INFO(1):: 28----Moving Data Till: 2016-12-31 ----
2017-04-11GMT09:47:19 INFO(1):: 35----****Confirmed****----
2017-04-11GMT09:47:19 INFO(1):: 36----Migration PROCESS STARTED----
2017-04-11GMT09:47:19 INFO(1):: 46----Starting Transaction for Campaign Detail Table----
2017-04-11GMT09:47:19 INFO(1):: 51----Records to migrate : 0----
2017-04-11GMT09:47:19 INFO(1):: 110----Completing Migration Process for Campaign_detail table.----
2017-04-11GMT09:47:19 INFO(1):: 118----Starting Transaction for Campaign Source View Table----
2017-04-11GMT09:48:21 INFO(1):: 27----Shifting 101  Days from Today.----
2017-04-11GMT09:48:21 INFO(1):: 28----Moving Data Till: 2016-12-31 ----
2017-04-11GMT09:48:21 INFO(1):: 35----****Confirmed****----
2017-04-11GMT09:48:21 INFO(1):: 36----Migration PROCESS STARTED----
2017-04-11GMT09:48:21 INFO(1):: 46----Starting Transaction for Campaign Detail Table----
2017-04-11GMT09:48:21 INFO(1):: 51----Records to migrate : 0----
2017-04-11GMT09:48:21 INFO(1):: 110----Completing Migration Process for Campaign_detail table.----
2017-04-11GMT09:48:21 INFO(1):: 118----Starting Transaction for Campaign Source View Table----
2017-04-11GMT09:49:01 INFO(1):: 27----Shifting 101  Days from Today.----
2017-04-11GMT09:49:01 INFO(1):: 28----Moving Data Till: 2016-12-31 ----
2017-04-11GMT09:49:01 INFO(1):: 35----****Confirmed****----
2017-04-11GMT09:49:01 INFO(1):: 36----Migration PROCESS STARTED----
2017-04-11GMT09:49:01 INFO(1):: 46----Starting Transaction for Campaign Detail Table----
2017-04-11GMT09:49:01 INFO(1):: 51----Records to migrate : 0----
2017-04-11GMT09:49:01 INFO(1):: 110----Completing Migration Process for Campaign_detail table.----
2017-04-11GMT09:49:01 INFO(1):: 119----Starting Transaction for Campaign Source View Table----
2017-04-11GMT09:49:05 INFO(1):: 124----Records to migrate : 53672----
2017-04-11GMT09:49:05 INFO(1):: 135SELECT * from `campaign_widget_source_view` WHERE DATE(created_date)<='2016-12-31' order by id asc limit 10000
2017-04-11GMT09:49:05 INFO(1):: 137----Records to migrate in iteration : 1 - 10000----
2017-04-11GMT09:49:05 INFO(1):: 140----Start Id: 1----
2017-04-11GMT09:49:21 INFO(1):: 166----Records To commit 10000----
2017-04-11GMT09:49:21 INFO(1):: 167----Insert/Delete Completed----
2017-04-11GMT09:49:21 INFO(1):: 172----Completing transaction for widget_details_view table----Iteration:1
2017-04-11GMT09:49:21 INFO(1):: 180----Perfect:: Committing data to the database----
2017-04-11GMT09:49:21 INFO(1):: 135SELECT * from `campaign_widget_source_view` WHERE DATE(created_date)<='2016-12-31' order by id asc limit 10000
2017-04-11GMT09:49:22 INFO(1):: 137----Records to migrate in iteration : 2 - 10000----
2017-04-11GMT09:49:22 INFO(1):: 140----Start Id: 10001----
2017-04-11GMT09:49:37 INFO(1):: 166----Records To commit 10000----
2017-04-11GMT09:49:37 INFO(1):: 167----Insert/Delete Completed----
2017-04-11GMT09:49:37 INFO(1):: 172----Completing transaction for widget_details_view table----Iteration:2
2017-04-11GMT09:49:37 INFO(1):: 180----Perfect:: Committing data to the database----
2017-04-11GMT09:49:37 INFO(1):: 135SELECT * from `campaign_widget_source_view` WHERE DATE(created_date)<='2016-12-31' order by id asc limit 10000
2017-04-11GMT09:49:38 INFO(1):: 137----Records to migrate in iteration : 3 - 10000----
2017-04-11GMT09:49:38 INFO(1):: 140----Start Id: 20001----
2017-04-11GMT09:49:53 INFO(1):: 166----Records To commit 10000----
2017-04-11GMT09:49:53 INFO(1):: 167----Insert/Delete Completed----
2017-04-11GMT09:49:53 INFO(1):: 172----Completing transaction for widget_details_view table----Iteration:3
2017-04-11GMT09:49:53 INFO(1):: 180----Perfect:: Committing data to the database----
2017-04-11GMT09:49:53 INFO(1):: 135SELECT * from `campaign_widget_source_view` WHERE DATE(created_date)<='2016-12-31' order by id asc limit 10000
2017-04-11GMT09:49:53 INFO(1):: 137----Records to migrate in iteration : 4 - 10000----
2017-04-11GMT09:49:53 INFO(1):: 140----Start Id: 30001----
2017-04-11GMT09:50:12 INFO(1):: 166----Records To commit 10000----
2017-04-11GMT09:50:12 INFO(1):: 167----Insert/Delete Completed----
2017-04-11GMT09:50:12 INFO(1):: 172----Completing transaction for widget_details_view table----Iteration:4
2017-04-11GMT09:50:12 INFO(1):: 180----Perfect:: Committing data to the database----
2017-04-11GMT09:50:12 INFO(1):: 135SELECT * from `campaign_widget_source_view` WHERE DATE(created_date)<='2016-12-31' order by id asc limit 10000
2017-04-11GMT09:50:14 INFO(1):: 137----Records to migrate in iteration : 5 - 10000----
2017-04-11GMT09:50:14 INFO(1):: 140----Start Id: 40001----
2017-04-11GMT09:50:29 INFO(1):: 166----Records To commit 10000----
2017-04-11GMT09:50:29 INFO(1):: 167----Insert/Delete Completed----
2017-04-11GMT09:50:29 INFO(1):: 172----Completing transaction for widget_details_view table----Iteration:5
2017-04-11GMT09:50:29 INFO(1):: 180----Perfect:: Committing data to the database----
2017-04-11GMT09:50:29 INFO(1):: 135SELECT * from `campaign_widget_source_view` WHERE DATE(created_date)<='2016-12-31' order by id asc limit 10000
2017-04-11GMT09:50:30 INFO(1):: 137----Records to migrate in iteration : 6 - 3672----
2017-04-11GMT09:50:30 INFO(1):: 140----Start Id: 413720----
2017-04-11GMT09:50:35 INFO(1):: 166----Records To commit 3672----
2017-04-11GMT09:50:35 INFO(1):: 167----Insert/Delete Completed----
2017-04-11GMT09:50:35 INFO(1):: 172----Completing transaction for widget_details_view table----Iteration:6
2017-04-11GMT09:50:35 INFO(1):: 180----Perfect:: Committing data to the database----
2017-04-11GMT09:50:35 INFO(1):: 186----Completing Migration Process for Campaign_details_view table.----
